<?xml version="1.0" encoding="UTF-8"?>
<!-- Generated by org.testng.reporters.JUnitReportReporter -->
<testsuite hostname="QT-INNO-LT1384" failures="0" tests="1" name="com.ndtv.qa.testcases.Get_Weather_Page_Test" time="0.000" errors="0" timestamp="2022-03-31T16:34:41 IST" skipped="1">
  <testcase classname="com.ndtv.qa.testcases.Get_Weather_Page_Test" name="getTemprature" time="0.000">
    <skipped/>
  </testcase> <!-- getTemprature -->
  <system-out/>
</testsuite> <!-- com.ndtv.qa.testcases.Get_Weather_Page_Test -->
